1632645314102	geckodriver	INFO	Listening on 127.0.0.1:52390
1632645317155	mozrunner::runner	INFO	Running command: "C:\\Program Files\\Mozilla Firefox\\firefox.exe" "--marionette" "-no-remote" "-profile" "C:\\Users\\Kanav\\AppData\\Local\\Temp\\rust_mozprofileuUBYQn"
1632645319527	Marionette	INFO	Marionette enabled
console.warn: SearchSettings: "get: No settings file exists, new profile?" (new NotFoundError("Could not open the file at C:\\Users\\Kanav\\AppData\\Local\\Temp\\rust_mozprofileuUBYQn\\search.json.mozlz4", (void 0)))
1632645325274	Marionette	INFO	Listening on port 51783
1632645325688	RemoteAgent	WARN	TLS certificate errors will be ignored for this session
1632645330798	Marionette	INFO	Stopped listening on port 51783
JavaScript error: resource:///modules/Interactions.jsm, line 230: NS_ERROR_FAILURE: Component returned failure code: 0x80004005 (NS_ERROR_FAILURE) [nsIUserIdleService.removeIdleObserver]
[Parent 8524, IPC I/O Parent] WARNING: file /builds/worker/checkouts/gecko/ipc/chromium/src/base/process_util_win.cc:167
1632645367633	geckodriver	INFO	Listening on 127.0.0.1:60493
1632645370674	mozrunner::runner	INFO	Running command: "C:\\Program Files\\Mozilla Firefox\\firefox.exe" "--marionette" "-no-remote" "-profile" "C:\\Users\\Kanav\\AppData\\Local\\Temp\\rust_mozprofile3giz1b"
1632645371598	Marionette	INFO	Marionette enabled
console.warn: SearchSettings: "get: No settings file exists, new profile?" (new NotFoundError("Could not open the file at C:\\Users\\Kanav\\AppData\\Local\\Temp\\rust_mozprofile3giz1b\\search.json.mozlz4", (void 0)))
1632645375502	Marionette	INFO	Listening on port 60501
1632645375981	RemoteAgent	WARN	TLS certificate errors will be ignored for this session
1632645380381	Marionette	INFO	Stopped listening on port 60501
JavaScript error: resource:///modules/Interactions.jsm, line 230: NS_ERROR_FAILURE: Component returned failure code: 0x80004005 (NS_ERROR_FAILURE) [nsIUserIdleService.removeIdleObserver]
JavaScript error: resource://gre/modules/Sqlite.jsm, line 1030: Error: Sqlite.jsm has been shutdown. Cannot open connection to: C:\Users\Kanav\AppData\Local\Temp\rust_mozprofile3giz1b\protections.sqlite
1632645988567	geckodriver	INFO	Listening on 127.0.0.1:50918
1632645991633	mozrunner::runner	INFO	Running command: "C:\\Program Files\\Mozilla Firefox\\firefox.exe" "--marionette" "-headless" "-no-remote" "-profile" "C:\\Users\\Kanav\\AppData\\Local\\Temp\\rust_mozprofileNo5Ht9"
*** You are running in headless mode.
1632645992829	Marionette	INFO	Marionette enabled
[GFX1-]: RenderCompositorSWGL failed mapping default framebuffer, no dt
console.warn: SearchSettings: "get: No settings file exists, new profile?" (new NotFoundError("Could not open the file at C:\\Users\\Kanav\\AppData\\Local\\Temp\\rust_mozprofileNo5Ht9\\search.json.mozlz4", (void 0)))
1632645995274	Marionette	INFO	Listening on port 50926
1632645995379	RemoteAgent	WARN	TLS certificate errors will be ignored for this session
1632645999611	Marionette	INFO	Stopped listening on port 50926
JavaScript error: resource:///modules/Interactions.jsm, line 230: NS_ERROR_FAILURE: Component returned failure code: 0x80004005 (NS_ERROR_FAILURE) [nsIUserIdleService.removeIdleObserver]

###!!! [Child][MessageChannel] Error: (msgtype=0x590008,name=PHttpChannel::Msg_DeletingChannel) Channel closing: too late to send/recv, messages will be lost


###!!! [Parent][MessageChannel] Error: (msgtype=0x390077,name=PContent::Msg_DestroyBrowsingContextGroup) Closed channel: cannot send/recv

JavaScript error: resource://gre/modules/Sqlite.jsm, line 1030: Error: Sqlite.jsm has been shutdown. Cannot open connection to: C:\Users\Kanav\AppData\Local\Temp\rust_mozprofileNo5Ht9\protections.sqlite
